Unity Editor version:    2022.3.12f1 (4fe6e059c7ef)
Branch:                  2022.3/release
Build type:              Release
Batch mode:              YES
macOS version:           Version 14.1.2 (Build 23B92)
Darwin version:          23.1.0
Architecture:            arm64
Running under Rosetta:   NO
Available memory:        32768 MB
Using pre-set license
Pro License: YES

COMMAND LINE ARGUMENTS:
/Applications/Unity/Hub/Editor/2022.3.12f1/Unity.app/Contents/MacOS/Unity
-adb2
-batchMode
-noUpm
-name
AssetImportWorker3
-projectPath
/Users/christopherrosas087/Documents/GitHub/Fall-Final/Fall Final
-logFile
Logs/AssetImportWorker3.log
-srvPort
51079
Successfully changed project path to: /Users/christopherrosas087/Documents/GitHub/Fall-Final/Fall Final
/Users/christopherrosas087/Documents/GitHub/Fall-Final/Fall Final
[UnityMemory] Configuration Parameters - Can be set up in boot.config
    "memorysetup-bucket-allocator-granularity=16"
    "memorysetup-bucket-allocator-bucket-count=8"
    "memorysetup-bucket-allocator-block-size=33554432"
    "memorysetup-bucket-allocator-block-count=8"
    "memorysetup-main-allocator-block-size=16777216"
    "memorysetup-thread-allocator-block-size=16777216"
    "memorysetup-gfx-main-allocator-block-size=16777216"
    "memorysetup-gfx-thread-allocator-block-size=16777216"
    "memorysetup-cache-allocator-block-size=4194304"
    "memorysetup-typetree-allocator-block-size=2097152"
    "memorysetup-profiler-bucket-allocator-granularity=16"
    "memorysetup-profiler-bucket-allocator-bucket-count=8"
    "memorysetup-profiler-bucket-allocator-block-size=33554432"
    "memorysetup-profiler-bucket-allocator-block-count=8"
    "memorysetup-profiler-allocator-block-size=16777216"
    "memorysetup-profiler-editor-allocator-block-size=1048576"
    "memorysetup-temp-allocator-size-main=16777216"
    "memorysetup-job-temp-allocator-block-size=2097152"
    "memorysetup-job-temp-allocator-block-size-background=1048576"
    "memorysetup-job-temp-allocator-reduction-small-platforms=262144"
    "memorysetup-allocator-temp-initial-block-size-main=262144"
    "memorysetup-allocator-temp-initial-block-size-worker=262144"
    "memorysetup-temp-allocator-size-background-worker=32768"
    "memorysetup-temp-allocator-size-job-worker=262144"
    "memorysetup-temp-allocator-size-preload-manager=33554432"
    "memorysetup-temp-allocator-size-nav-mesh-worker=65536"
    "memorysetup-temp-allocator-size-audio-worker=65536"
    "memorysetup-temp-allocator-size-cloud-worker=32768"
    "memorysetup-temp-allocator-size-gi-baking-worker=262144"
    "memorysetup-temp-allocator-size-gfx=262144"
Player connection [7916871360] Host "[IP] 10.94.25.49 [Port] 0 [Flags] 2 [Guid] 232089194 [EditorId] 232089194 [Version] 1048832 [Id] OSXEditor(0,mac-studio-4.rusd.edu) [Debug] 1 [PackageName] OSXEditor [ProjectName] Editor" joined multi-casting on [225.0.0.222:54997]...

Player connection [7916871360] Host "[IP] 10.94.25.49 [Port] 0 [Flags] 2 [Guid] 232089194 [EditorId] 232089194 [Version] 1048832 [Id] OSXEditor(0,mac-studio-4.rusd.edu) [Debug] 1 [PackageName] OSXEditor [ProjectName] Editor" joined alternative multi-casting on [225.0.0.222:34997]...

[Physics::Module] Initialized MultithreadedJobDispatcher with 11 workers.
Refreshing native plugins compatible for Editor in 2.21 ms, found 2 plugins.
Preloading 0 native plugins for Editor in 0.00 ms.
Initialize engine version: 2022.3.12f1 (4fe6e059c7ef)
[Subsystems] Discovering subsystems at path /Applications/Unity/Hub/Editor/2022.3.12f1/Unity.app/Contents/Resources/UnitySubsystems
[Subsystems] Discovering subsystems at path /Users/christopherrosas087/Documents/GitHub/Fall-Final/Fall Final/Assets
GfxDevice: creating device client; threaded=0; jobified=0
 preferred device: Apple M2 Max (high power)
Metal devices available: 1
0: Apple M2 Max (high power)
Using device Apple M2 Max (high power)
Initializing Metal device caps: Apple M2 Max
Initialize mono
Mono path[0] = '/Applications/Unity/Hub/Editor/2022.3.12f1/Unity.app/Contents/Managed'
Mono path[1] = '/Applications/Unity/Hub/Editor/2022.3.12f1/Unity.app/Contents/MonoBleedingEdge/lib/mono/unityjit-macos'
Mono config path = '/Applications/Unity/Hub/Editor/2022.3.12f1/Unity.app/Contents/MonoBleedingEdge/etc'
Using monoOptions --debugger-agent=transport=dt_socket,embedding=1,server=y,suspend=n,address=127.0.0.1:56948
Begin MonoManager ReloadAssembly
Registering precompiled unity dll's ...
Register platform support module: /Applications/Unity/Hub/Editor/2022.3.12f1/PlaybackEngines/WebGLSupport/UnityEditor.WebGL.Extensions.dll
Register platform support module: /Applications/Unity/Hub/Editor/2022.3.12f1/Unity.app/Contents/PlaybackEngines/MacStandaloneSupport/UnityEditor.OSXStandalone.Extensions.dll
Registered in 0.000901 seconds.
- Loaded All Assemblies, in  0.166 seconds
Native extension for OSXStandalone target not found
Native extension for WebGL target not found
Mono: successfully reloaded assembly
- Finished resetting the current domain, in  0.124 seconds
Domain Reload Profiling: 291ms
	BeginReloadAssembly (37ms)
		ExecutionOrderSort (0ms)
		DisableScriptedObjects (0ms)
		BackupInstance (0ms)
		ReleaseScriptingObjects (0ms)
		CreateAndSetChildDomain (0ms)
	RebuildCommonClasses (20ms)
	RebuildNativeTypeToScriptingClass (7ms)
	initialDomainReloadingComplete (24ms)
	LoadAllAssembliesAndSetupDomain (78ms)
		LoadAssemblies (37ms)
		RebuildTransferFunctionScriptingTraits (0ms)
		AnalyzeDomain (77ms)
			TypeCache.Refresh (77ms)
				TypeCache.ScanAssembly (69ms)
			ScanForSourceGeneratedMonoScriptInfo (0ms)
			ResolveRequiredComponents (0ms)
	FinalizeReload (124ms)
		ReleaseScriptCaches (0ms)
		RebuildScriptCaches (0ms)
		SetupLoadedEditorAssemblies (92ms)
			LogAssemblyErrors (0ms)
			InitializePlatformSupportModulesInManaged (4ms)
			SetLoadedEditorAssemblies (3ms)
			RefreshPlugins (0ms)
			BeforeProcessingInitializeOnLoad (1ms)
			ProcessInitializeOnLoadAttributes (63ms)
			ProcessInitializeOnLoadMethodAttributes (22ms)
			AfterProcessingInitializeOnLoad (0ms)
			EditorAssembliesLoaded (0ms)
		ExecutionOrderSort2 (0ms)
		AwakeInstancesAfterBackupRestoration (0ms)
========================================================================
Worker process is ready to serve import requests
Begin MonoManager ReloadAssembly
- Loaded All Assemblies, in  0.281 seconds
Refreshing native plugins compatible for Editor in 0.73 ms, found 2 plugins.
Native extension for OSXStandalone target not found
Native extension for WebGL target not found
Package Manager log level set to [2]
[Package Manager] Server::EnsureServerProcessIsRunning -- launch failed, reason: Unity was launched with the -noUpm command-line argument
[Package Manager] UpmClient::Send -- Unable to send message (not connected to UPM process).
[Package Manager] Cannot connect to Unity Package Manager local server
Mono: successfully reloaded assembly
- Finished resetting the current domain, in  0.267 seconds
Domain Reload Profiling: 549ms
	BeginReloadAssembly (61ms)
		ExecutionOrderSort (0ms)
		DisableScriptedObjects (3ms)
		BackupInstance (0ms)
		ReleaseScriptingObjects (0ms)
		CreateAndSetChildDomain (14ms)
	RebuildCommonClasses (20ms)
	RebuildNativeTypeToScriptingClass (7ms)
	initialDomainReloadingComplete (19ms)
	LoadAllAssembliesAndSetupDomain (175ms)
		LoadAssemblies (103ms)
		RebuildTransferFunctionScriptingTraits (0ms)
		AnalyzeDomain (97ms)
			TypeCache.Refresh (88ms)
				TypeCache.ScanAssembly (79ms)
			ScanForSourceGeneratedMonoScriptInfo (6ms)
			ResolveRequiredComponents (2ms)
	FinalizeReload (267ms)
		ReleaseScriptCaches (0ms)
		RebuildScriptCaches (0ms)
		SetupLoadedEditorAssemblies (190ms)
			LogAssemblyErrors (0ms)
			InitializePlatformSupportModulesInManaged (2ms)
			SetLoadedEditorAssemblies (2ms)
			RefreshPlugins (0ms)
			BeforeProcessingInitializeOnLoad (26ms)
			ProcessInitializeOnLoadAttributes (150ms)
			ProcessInitializeOnLoadMethodAttributes (9ms)
			AfterProcessingInitializeOnLoad (1ms)
			EditorAssembliesLoaded (0ms)
		ExecutionOrderSort2 (0ms)
		AwakeInstancesAfterBackupRestoration (2ms)
Launching external process: /Applications/Unity/Hub/Editor/2022.3.12f1/Unity.app/Contents/Tools/UnityShaderCompiler
Launched and connected shader compiler UnityShaderCompiler after 0.04 seconds
Refreshing native plugins compatible for Editor in 0.72 ms, found 2 plugins.
Preloading 0 native plugins for Editor in 0.00 ms.
Unloading 3083 Unused Serialized files (Serialized files now loaded: 0)
Unloading 32 unused Assets / (51.1 KB). Loaded Objects now: 3544.
Memory consumption went from 126.0 MB to 125.9 MB.
Total: 1.934583 ms (FindLiveObjects: 0.082250 ms CreateObjectMapping: 0.034375 ms MarkObjects: 1.758792 ms  DeleteObjects: 0.058625 ms)

AssetImportParameters requested are different than current active one (requested -> active):
  custom:container-demuxer-ogg: 62fdf1f143b41e24485cea50d1cbac27 -> 
  custom:video-decoder-ogg-theora: a1e56fd34408186e4bbccfd4996cb3dc -> 
  custom:CustomObjectIndexerAttribute: 756ad292c208cfabdd7b50bc23989ffe -> 
  custom:container-demuxer-webm: 4f35f7cbe854078d1ac9338744f61a02 -> 
  custom:container-muxer-webm: aa71ff27fc2769a1b78a27578f13a17b -> 
  custom:video-decoder-webm-vp8: 9c59270c3fd7afecdb556c50c9e8de78 -> 
  custom:SearchIndexIgnoredProperties: e643bd26f0fe6173181afceb89e7c659 -> 
  custom:AudioImporter_EditorPlatform: 3918e3fc78b5a79bad01e8451be0beb8 -> 
  custom:framework-osx-AVFoundation: e770b220cccbd017edd2c1fefb359320 -> 
  custom:video-encoder-webm-vp8: eb34c28f22e8b96e1ab97ce403110664 -> 
  custom:audio-decoder-ogg-vorbis: bf7c407c2cedff20999df2af8eb42d56 -> 
  custom:audio-encoder-webm-vorbis: bf7c407c2cedff20999df2af8eb42d56 -> 
========================================================================
Received Import Request.
  Time since last request: 160854.294664 seconds.
  path: Assets/kenney_mini-dungeon/Previews/character-human.png
  artifactKey: Guid(fa5fae2e92b23433390513b1a90325ea) Importer(815301076,1909f56bfc062723c751e8b465ee728b)
Start importing Assets/kenney_mini-dungeon/Previews/character-human.png using Guid(fa5fae2e92b23433390513b1a90325ea) Importer(815301076,1909f56bfc062723c751e8b465ee728b)  -> (artifact id: '57c94973a989f72060fce127a09dfe82') in 0.077726 seconds
Number of updated asset objects reloaded before import = 0
Number of asset objects unloaded after import = 2
========================================================================
Received Import Request.
  Time since last request: 42.660735 seconds.
  path: Assets/Audio/bookClose.ogg
  artifactKey: Guid(995bbef6f213343d8abcaddfbb0e0262) Importer(815301076,1909f56bfc062723c751e8b465ee728b)
Start importing Assets/Audio/bookClose.ogg using Guid(995bbef6f213343d8abcaddfbb0e0262) Importer(815301076,1909f56bfc062723c751e8b465ee728b)  -> (artifact id: 'd7d7e3de4d9d2a75a0741250f5f29055') in 0.078212 seconds
Number of updated asset objects reloaded before import = 0
Number of asset objects unloaded after import = 2
========================================================================
Received Import Request.
  Time since last request: 0.000038 seconds.
  path: Assets/Audio/footstep09.ogg
  artifactKey: Guid(acb29d08d42174921bd225f7f882ad9c) Importer(815301076,1909f56bfc062723c751e8b465ee728b)
Start importing Assets/Audio/footstep09.ogg using Guid(acb29d08d42174921bd225f7f882ad9c) Importer(815301076,1909f56bfc062723c751e8b465ee728b)  -> (artifact id: 'fe794c812d601c7d9232aaa4870f0974') in 0.002300 seconds
Number of updated asset objects reloaded before import = 0
Number of asset objects unloaded after import = 2
========================================================================
Received Import Request.
  Time since last request: 0.000080 seconds.
  path: Assets/Audio/doorClose_3.ogg
  artifactKey: Guid(58c51b9a7009040ba9880ec4c15ad2da) Importer(815301076,1909f56bfc062723c751e8b465ee728b)
Start importing Assets/Audio/doorClose_3.ogg using Guid(58c51b9a7009040ba9880ec4c15ad2da) Importer(815301076,1909f56bfc062723c751e8b465ee728b)  -> (artifact id: '56770919ae3813c8d848d3804162b932') in 0.002191 seconds
Number of updated asset objects reloaded before import = 0
Number of asset objects unloaded after import = 2
========================================================================
Received Import Request.
  Time since last request: 0.000053 seconds.
  path: Assets/Audio/footstep01.ogg
  artifactKey: Guid(8ef2f10225a5d4e94a972faeadb20ea2) Importer(815301076,1909f56bfc062723c751e8b465ee728b)
Start importing Assets/Audio/footstep01.ogg using Guid(8ef2f10225a5d4e94a972faeadb20ea2) Importer(815301076,1909f56bfc062723c751e8b465ee728b)  -> (artifact id: 'fe502536da298985a3dee02f18f6b37c') in 0.002131 seconds
Number of updated asset objects reloaded before import = 0
Number of asset objects unloaded after import = 2
========================================================================
Received Import Request.
  Time since last request: 0.000055 seconds.
  path: Assets/Audio/clothBelt.ogg
  artifactKey: Guid(029d2cd6aae2d4f4c9c6788f1d32cf6e) Importer(815301076,1909f56bfc062723c751e8b465ee728b)
Start importing Assets/Audio/clothBelt.ogg using Guid(029d2cd6aae2d4f4c9c6788f1d32cf6e) Importer(815301076,1909f56bfc062723c751e8b465ee728b)  -> (artifact id: '4a41e45b50af04589807dfa1a49ebc1a') in 0.002097 seconds
Number of updated asset objects reloaded before import = 0
Number of asset objects unloaded after import = 2
========================================================================
Received Import Request.
  Time since last request: 0.000053 seconds.
  path: Assets/Audio/footstep08.ogg
  artifactKey: Guid(482888dfc1e32475ea13a6c5b000964a) Importer(815301076,1909f56bfc062723c751e8b465ee728b)
Start importing Assets/Audio/footstep08.ogg using Guid(482888dfc1e32475ea13a6c5b000964a) Importer(815301076,1909f56bfc062723c751e8b465ee728b)  -> (artifact id: 'af0960519eefde1805c25dcf0dff86b1') in 0.002211 seconds
Number of updated asset objects reloaded before import = 0
Number of asset objects unloaded after import = 2
========================================================================
Received Import Request.
  Time since last request: 0.000068 seconds.
  path: Assets/Audio/footstep07.ogg
  artifactKey: Guid(140b6f984e233405d86f52ca0d05611c) Importer(815301076,1909f56bfc062723c751e8b465ee728b)
Start importing Assets/Audio/footstep07.ogg using Guid(140b6f984e233405d86f52ca0d05611c) Importer(815301076,1909f56bfc062723c751e8b465ee728b)  -> (artifact id: '3c61d7a27435abd2429f5d5eba8aed91') in 0.002265 seconds
Number of updated asset objects reloaded before import = 0
Number of asset objects unloaded after import = 2
========================================================================
Received Import Request.
  Time since last request: 0.000060 seconds.
  path: Assets/Audio/cloth4.ogg
  artifactKey: Guid(420d56fb13ff64b29b8602f9d996a9b2) Importer(815301076,1909f56bfc062723c751e8b465ee728b)
Start importing Assets/Audio/cloth4.ogg using Guid(420d56fb13ff64b29b8602f9d996a9b2) Importer(815301076,1909f56bfc062723c751e8b465ee728b)  -> (artifact id: 'd6fa3bc0c37f645e3150040e0d0bd376') in 0.002415 seconds
Number of updated asset objects reloaded before import = 0
Number of asset objects unloaded after import = 2
========================================================================
Received Import Request.
  Time since last request: 0.000050 seconds.
  path: Assets/Audio/cloth3.ogg
  artifactKey: Guid(fa1020a1d99c74b2580bf2852359b831) Importer(815301076,1909f56bfc062723c751e8b465ee728b)
Start importing Assets/Audio/cloth3.ogg using Guid(fa1020a1d99c74b2580bf2852359b831) Importer(815301076,1909f56bfc062723c751e8b465ee728b)  -> (artifact id: '845a7852ca652e644435826e55e596a5') in 0.002530 seconds
Number of updated asset objects reloaded before import = 0
Number of asset objects unloaded after import = 2
========================================================================
Received Import Request.
  Time since last request: 0.000072 seconds.
  path: Assets/Audio/drawKnife1.ogg
  artifactKey: Guid(cf4aab4e777cd4dd89fd118c77403430) Importer(815301076,1909f56bfc062723c751e8b465ee728b)
Start importing Assets/Audio/drawKnife1.ogg using Guid(cf4aab4e777cd4dd89fd118c77403430) Importer(815301076,1909f56bfc062723c751e8b465ee728b)  -> (artifact id: '80202f3c2f3e0ef7bc030a4d7e263b95') in 0.002571 seconds
Number of updated asset objects reloaded before import = 0
Number of asset objects unloaded after import = 2
========================================================================
Received Import Request.
  Time since last request: 0.000061 seconds.
  path: Assets/Audio/cloth1.ogg
  artifactKey: Guid(da8f416582b3b460685d1807a2ceb4a7) Importer(815301076,1909f56bfc062723c751e8b465ee728b)
Start importing Assets/Audio/cloth1.ogg using Guid(da8f416582b3b460685d1807a2ceb4a7) Importer(815301076,1909f56bfc062723c751e8b465ee728b)  -> (artifact id: 'cd193c8cf6cded0bf5ecc5b75ebaadaa') in 0.002215 seconds
Number of updated asset objects reloaded before import = 0
Number of asset objects unloaded after import = 2
========================================================================
Received Import Request.
  Time since last request: 0.000103 seconds.
  path: Assets/Audio/footstep05.ogg
  artifactKey: Guid(2830770b8b29d49aeacf46f21a26929c) Importer(815301076,1909f56bfc062723c751e8b465ee728b)
Start importing Assets/Audio/footstep05.ogg using Guid(2830770b8b29d49aeacf46f21a26929c) Importer(815301076,1909f56bfc062723c751e8b465ee728b)  -> (artifact id: 'ea1582fbd69ec4c70c7828a8663f4ab2') in 0.002124 seconds
Number of updated asset objects reloaded before import = 0
Number of asset objects unloaded after import = 2
========================================================================
Received Import Request.
  Time since last request: 0.000077 seconds.
  path: Assets/Audio/handleCoins.ogg
  artifactKey: Guid(35014582c756643d1952fef0713b0ef8) Importer(815301076,1909f56bfc062723c751e8b465ee728b)
Start importing Assets/Audio/handleCoins.ogg using Guid(35014582c756643d1952fef0713b0ef8) Importer(815301076,1909f56bfc062723c751e8b465ee728b)  -> (artifact id: '482b363b53f854e49626d9a88d001c4c') in 0.001944 seconds
Number of updated asset objects reloaded before import = 0
Number of asset objects unloaded after import = 2
========================================================================
Received Import Request.
  Time since last request: 0.000076 seconds.
  path: Assets/Audio/drawKnife3.ogg
  artifactKey: Guid(bae0cf942a1ef422d8a4f5a8df3f5eae) Importer(815301076,1909f56bfc062723c751e8b465ee728b)
Start importing Assets/Audio/drawKnife3.ogg using Guid(bae0cf942a1ef422d8a4f5a8df3f5eae) Importer(815301076,1909f56bfc062723c751e8b465ee728b)  -> (artifact id: 'd5981ba92207e5e59d2236a97f9ad994') in 0.001970 seconds
Number of updated asset objects reloaded before import = 0
Number of asset objects unloaded after import = 2
========================================================================
Received Import Request.
  Time since last request: 0.000057 seconds.
  path: Assets/Audio/creak1.ogg
  artifactKey: Guid(cc4bd54ad6fea432d94ab8bc73ade718) Importer(815301076,1909f56bfc062723c751e8b465ee728b)
Start importing Assets/Audio/creak1.ogg using Guid(cc4bd54ad6fea432d94ab8bc73ade718) Importer(815301076,1909f56bfc062723c751e8b465ee728b)  -> (artifact id: '4ba4ce4de24b486c9fe3fea00f236ca4') in 0.002025 seconds
Number of updated asset objects reloaded before import = 0
Number of asset objects unloaded after import = 2
Editor requested this worker to shutdown with reason: Scaling down because of idle timeout
TcpMessagingSession - receive error: operation aborted. errorcode: 89, details: Operation aborted.
AssetImportWorker is now disconnected from the server
Process exiting
